Initialized Log File

[INFO] lib/log_manage.ex:6 : Initialized data collection
[INFO] lib/log_manage.ex:6 : Initialized data collection
[INFO] lib/log_manage.ex:6 : Initialized data collection
[INFO] lib/log_manage.ex:6 : Initialized data collection
[INFO] lib/log_manage.ex:6 : Initialized data collection
[INFO] lib/log_manage.ex:6 : Initialized data collection
[INFO] lib/log_manage.ex:6 : Initialized data collection
[INFO] lib/log_manage.ex:6 : Initialized data collection
[INFO] lib/log_manage.ex:6 : Initialized data collection
[INFO] lib/log_manage.ex:6 : Initialized data collection
[INFO] lib/log_manage.ex:6 : Initialized data collection
[INFO] lib/log_manage.ex:6 : Initialized data collection
[INFO] lib/log_manage.ex:6 : Initialized data collection
[INFO] lib/log_manage.ex:6 : Initialized data collection
[INFO] lib/log_manage.ex:6 : Initialized data collection
[INFO] lib/log_manage.ex:6 : Initialized data collection
[INFO] lib/log_manage.ex:6 : Initialized data collection
[INFO] lib/log_manage.ex:6 : Initialized data collection
[INFO] lib/log_manage.ex:6 : Initialized data collection
[INFO] lib/log_manage.ex:6 : Exiting DataSetCollectorEs
[INFO] lib/log_manage.ex:6 : Initialized data collection
[INFO] lib/log_manage.ex:6 : Initialized data collection
[INFO] lib/log_manage.ex:6 : Created testcontent.json
[INFO] lib/log_manage.ex:6 : Initialized data collection
[INFO] lib/log_manage.ex:6 : Created testcontent.json
[INFO] lib/log_manage.ex:6 : Initialized data collection
[INFO] lib/log_manage.ex:6 : Created data/testcontent.json
[INFO] lib/log_manage.ex:6 : Initialized data collection
[INFO] lib/log_manage.ex:6 : Initialized data collection
[INFO] lib/log_manage.ex:6 : Created data/testcontent.json
[INFO] lib/log_manage.ex:6 : Initialized data collection
[INFO] lib/log_manage.ex:6 : Created data/testcontent.json
[INFO] lib/log_manage.ex:6 : Initialized data collection
[INFO] lib/log_manage.ex:6 : Created data/testcontent.json
